{
  "stats": {
    "suites": 1,
    "tests": 4,
    "passes": 4,
    "pending": 0,
    "failures": 0,
    "start": "2021-05-09T21:13:26.219Z",
    "end": "2021-05-09T21:13:33.796Z",
    "duration": 7577,
    "testsRegistered": 4,
    "passPercent": 100,
    "pendingPercent": 0,
    "other": 0,
    "hasOther": false,
    "skipped": 0,
    "hasSkipped": false
  },
  "results": [
    {
      "uuid": "359233f2-8522-476e-b867-8c33da0ae254",
      "title": "",
      "fullFile": "cypress/integration/backend-auth.spec.js",
      "file": "cypress/integration/backend-auth.spec.js",
      "beforeHooks": [],
      "afterHooks": [],
      "tests": [],
      "suites": [
        {
          "uuid": "09323ef3-6d40-4670-982c-0e6a3b7e7adf",
          "title": "testing auth",
          "fullFile": "",
          "file": "",
          "beforeHooks": [],
          "afterHooks": [],
          "tests": [
            {
              "title": "Create a new client",
              "fullTitle": "testing auth Create a new client",
              "timedOut": null,
              "duration": 3560,
              "state": "passed",
              "speed": "slow",
              "pass": true,
              "fail": false,
              "pending": false,
              "context": null,
              "code": "clientHelpers.createClientRequest(cy);",
              "err": {},
              "uuid": "928dd9e0-405d-4825-ba3c-4fabc2da18b8",
              "parentUUID": "09323ef3-6d40-4670-982c-0e6a3b7e7adf",
              "isHook": false,
              "skipped": false
            },
            {
              "title": "Get all clients",
              "fullTitle": "testing auth Get all clients",
              "timedOut": null,
              "duration": 993,
              "state": "passed",
              "speed": "slow",
              "pass": true,
              "fail": false,
              "pending": false,
              "context": null,
              "code": "clientHelpers.getAllClientsRequest(cy);",
              "err": {},
              "uuid": "1953f608-e38e-4f5e-8e5e-30dca31a801f",
              "parentUUID": "09323ef3-6d40-4670-982c-0e6a3b7e7adf",
              "isHook": false,
              "skipped": false
            },
            {
              "title": "Create a new client and delete",
              "fullTitle": "testing auth Create a new client and delete",
              "timedOut": null,
              "duration": 975,
              "state": "passed",
              "speed": "slow",
              "pass": true,
              "fail": false,
              "pending": false,
              "context": null,
              "code": "clientHelpers.createClientRequestAndDelete(cy);",
              "err": {},
              "uuid": "d8c19a1c-31a4-4a50-89f6-ebc61b48eee0",
              "parentUUID": "09323ef3-6d40-4670-982c-0e6a3b7e7adf",
              "isHook": false,
              "skipped": false
            },
            {
              "title": "Create a new client and edit",
              "fullTitle": "testing auth Create a new client and edit",
              "timedOut": null,
              "duration": 1766,
              "state": "passed",
              "speed": "slow",
              "pass": true,
              "fail": false,
              "pending": false,
              "context": null,
              "code": "clientHelpers.createClientRequestAndEdit(cy);",
              "err": {},
              "uuid": "1240f23f-1ea2-4f79-8327-cf72b81d7595",
              "parentUUID": "09323ef3-6d40-4670-982c-0e6a3b7e7adf",
              "isHook": false,
              "skipped": false
            }
          ],
          "suites": [],
          "passes": [
            "928dd9e0-405d-4825-ba3c-4fabc2da18b8",
            "1953f608-e38e-4f5e-8e5e-30dca31a801f",
            "d8c19a1c-31a4-4a50-89f6-ebc61b48eee0",
            "1240f23f-1ea2-4f79-8327-cf72b81d7595"
          ],
          "failures": [],
          "pending": [],
          "skipped": [],
          "duration": 7294,
          "root": false,
          "rootEmpty": false,
          "_timeout": 2000
        }
      ],
      "passes": [],
      "failures": [],
      "pending": [],
      "skipped": [],
      "duration": 0,
      "root": true,
      "rootEmpty": true,
      "_timeout": 2000
    }
  ],
  "meta": {
    "mocha": {
      "version": "7.0.1"
    },
    "mochawesome": {
      "options": {
        "quiet": false,
        "reportFilename": "mochawesome",
        "saveHtml": true,
        "saveJson": true,
        "consoleReporter": "spec",
        "useInlineDiffs": false,
        "code": true
      },
      "version": "6.2.2"
    },
    "marge": {
      "options": {},
      "version": "5.2.0"
    }
  }
}